<error>
	<dateline>1710201761</dateline>
	<script>admin/index.php</script>
	<line>619</line>
	<type>2</type>
	<friendly_type>Warning</friendly_type>
	<message>Undefined variable $login_message</message>
	<back_trace>#0  errorHandler->error() called at [/inc/class_error.php:153]
#1  errorHandler->error_callback() called at [/admin/index.php:619]
</back_trace>
</error>

<error>
	<dateline>1710280846</dateline>
	<script></script>
	<line>0</line>
	<type>43</type>
	<friendly_type>MyBB Error</friendly_type>
	<message>The install directory (install/) still exists on your server and is not locked. To access MyBB please either remove this directory or create an empty file in it called 'lock'.</message>
	<back_trace>#0  errorHandler->error() called at [/inc/class_error.php:343]
#1  errorHandler->trigger() called at [/inc/class_core.php:608]
#2  MyBB->trigger_generic_error() called at [/inc/init.php:121]
#3  require_once() called at [/admin/index.php:18]
</back_trace>
</error>

<error>
	<dateline>1710664491</dateline>
	<script>inc/plugins/mmybb18.php</script>
	<line>100</line>
	<type>2</type>
	<friendly_type>Warning</friendly_type>
	<message>Trying to access array offset on value of type null</message>
	<back_trace>#0  errorHandler->error() called at [/inc/class_error.php:153]
#1  errorHandler->error_callback() called at [/inc/plugins/mmybb18.php:100]
#2  mmybb18_deactivate() called at [/admin/modules/config/plugins.php:451]
#3  require() called at [/admin/index.php:830]
</back_trace>
</error>

<error>
	<dateline>1710664491</dateline>
	<script>inc/plugins/mmybb18.php</script>
	<line>105</line>
	<type>2</type>
	<friendly_type>Warning</friendly_type>
	<message>Trying to access array offset on value of type null</message>
	<back_trace>#0  errorHandler->error() called at [/inc/class_error.php:153]
#1  errorHandler->error_callback() called at [/inc/plugins/mmybb18.php:105]
#2  mmybb18_deactivate() called at [/admin/modules/config/plugins.php:451]
#3  require() called at [/admin/index.php:830]
</back_trace>
</error>

<error>
	<dateline>1710664491</dateline>
	<script>inc/plugins/mmybb18.php</script>
	<line>106</line>
	<type>2</type>
	<friendly_type>Warning</friendly_type>
	<message>Trying to access array offset on value of type null</message>
	<back_trace>#0  errorHandler->error() called at [/inc/class_error.php:153]
#1  errorHandler->error_callback() called at [/inc/plugins/mmybb18.php:106]
#2  mmybb18_deactivate() called at [/admin/modules/config/plugins.php:451]
#3  require() called at [/admin/index.php:830]
</back_trace>
</error>

<error>
	<dateline>1710664503</dateline>
	<script>inc/plugins/mmybb18.php</script>
	<line>100</line>
	<type>2</type>
	<friendly_type>Warning</friendly_type>
	<message>Trying to access array offset on value of type null</message>
	<back_trace>#0  errorHandler->error() called at [/inc/class_error.php:153]
#1  errorHandler->error_callback() called at [/inc/plugins/mmybb18.php:100]
#2  mmybb18_deactivate() called at [/admin/modules/config/plugins.php:451]
#3  require() called at [/admin/index.php:830]
</back_trace>
</error>

<error>
	<dateline>1710664503</dateline>
	<script>inc/plugins/mmybb18.php</script>
	<line>105</line>
	<type>2</type>
	<friendly_type>Warning</friendly_type>
	<message>Trying to access array offset on value of type null</message>
	<back_trace>#0  errorHandler->error() called at [/inc/class_error.php:153]
#1  errorHandler->error_callback() called at [/inc/plugins/mmybb18.php:105]
#2  mmybb18_deactivate() called at [/admin/modules/config/plugins.php:451]
#3  require() called at [/admin/index.php:830]
</back_trace>
</error>

<error>
	<dateline>1710664503</dateline>
	<script>inc/plugins/mmybb18.php</script>
	<line>106</line>
	<type>2</type>
	<friendly_type>Warning</friendly_type>
	<message>Trying to access array offset on value of type null</message>
	<back_trace>#0  errorHandler->error() called at [/inc/class_error.php:153]
#1  errorHandler->error_callback() called at [/inc/plugins/mmybb18.php:106]
#2  mmybb18_deactivate() called at [/admin/modules/config/plugins.php:451]
#3  require() called at [/admin/index.php:830]
</back_trace>
</error>

<error>
	<dateline>1711030281</dateline>
	<script>admin/modules/user/users.php</script>
	<line>262</line>
	<type>2</type>
	<friendly_type>Warning</friendly_type>
	<message>Undefined array key "from"</message>
	<back_trace>#0  errorHandler->error() called at [/inc/class_error.php:153]
#1  errorHandler->error_callback() called at [/admin/modules/user/users.php:262]
#2  require() called at [/admin/index.php:830]
</back_trace>
</error>

<error>
	<dateline>1711030281</dateline>
	<script>admin/modules/user/users.php</script>
	<line>292</line>
	<type>2</type>
	<friendly_type>Warning</friendly_type>
	<message>Undefined array key "from"</message>
	<back_trace>#0  errorHandler->error() called at [/inc/class_error.php:153]
#1  errorHandler->error_callback() called at [/admin/modules/user/users.php:292]
#2  require() called at [/admin/index.php:830]
</back_trace>
</error>

<error>
	<dateline>1711157913</dateline>
	<script>admin/modules/user/users.php</script>
	<line>262</line>
	<type>2</type>
	<friendly_type>Warning</friendly_type>
	<message>Undefined array key "from"</message>
	<back_trace>#0  errorHandler->error() called at [/inc/class_error.php:153]
#1  errorHandler->error_callback() called at [/admin/modules/user/users.php:262]
#2  require() called at [/admin/index.php:830]
</back_trace>
</error>

<error>
	<dateline>1711157913</dateline>
	<script>admin/modules/user/users.php</script>
	<line>292</line>
	<type>2</type>
	<friendly_type>Warning</friendly_type>
	<message>Undefined array key "from"</message>
	<back_trace>#0  errorHandler->error() called at [/inc/class_error.php:153]
#1  errorHandler->error_callback() called at [/admin/modules/user/users.php:292]
#2  require() called at [/admin/index.php:830]
</back_trace>
</error>

<error>
	<dateline>1711227741</dateline>
	<script>admin/modules/user/users.php</script>
	<line>262</line>
	<type>2</type>
	<friendly_type>Warning</friendly_type>
	<message>Undefined array key "from"</message>
	<back_trace>#0  errorHandler->error() called at [/inc/class_error.php:153]
#1  errorHandler->error_callback() called at [/admin/modules/user/users.php:262]
#2  require() called at [/admin/index.php:830]
</back_trace>
</error>

<error>
	<dateline>1711227741</dateline>
	<script>admin/modules/user/users.php</script>
	<line>292</line>
	<type>2</type>
	<friendly_type>Warning</friendly_type>
	<message>Undefined array key "from"</message>
	<back_trace>#0  errorHandler->error() called at [/inc/class_error.php:153]
#1  errorHandler->error_callback() called at [/admin/modules/user/users.php:292]
#2  require() called at [/admin/index.php:830]
</back_trace>
</error>

<error>
	<dateline>1711235004</dateline>
	<script>inc/plugins/myadvertisements.php</script>
	<line>1344</line>
	<type>2</type>
	<friendly_type>Warning</friendly_type>
	<message>Undefined array key "created"</message>
	<back_trace>#0  errorHandler->error() called at [/inc/class_error.php:153]
#1  errorHandler->error_callback() called at [/inc/plugins/myadvertisements.php:1344]
#2  myadvertisements_admin() called at [/inc/class_plugins.php:142]
#3  pluginSystem->run_hooks() called at [/admin/index.php:828]
</back_trace>
</error>

<error>
	<dateline>1711235004</dateline>
	<script>inc/plugins/myadvertisements.php</script>
	<line>1344</line>
	<type>2</type>
	<friendly_type>Warning</friendly_type>
	<message>Undefined array key "created"</message>
	<back_trace>#0  errorHandler->error() called at [/inc/class_error.php:153]
#1  errorHandler->error_callback() called at [/inc/plugins/myadvertisements.php:1344]
#2  myadvertisements_admin() called at [/inc/class_plugins.php:142]
#3  pluginSystem->run_hooks() called at [/admin/index.php:828]
</back_trace>
</error>

<error>
	<dateline>1711235004</dateline>
	<script>inc/plugins/myadvertisements.php</script>
	<line>1344</line>
	<type>2</type>
	<friendly_type>Warning</friendly_type>
	<message>Undefined array key "created"</message>
	<back_trace>#0  errorHandler->error() called at [/inc/class_error.php:153]
#1  errorHandler->error_callback() called at [/inc/plugins/myadvertisements.php:1344]
#2  myadvertisements_admin() called at [/inc/class_plugins.php:142]
#3  pluginSystem->run_hooks() called at [/admin/index.php:828]
</back_trace>
</error>

<error>
	<dateline>1711235004</dateline>
	<script>inc/plugins/myadvertisements.php</script>
	<line>1344</line>
	<type>2</type>
	<friendly_type>Warning</friendly_type>
	<message>Undefined array key "created"</message>
	<back_trace>#0  errorHandler->error() called at [/inc/class_error.php:153]
#1  errorHandler->error_callback() called at [/inc/plugins/myadvertisements.php:1344]
#2  myadvertisements_admin() called at [/inc/class_plugins.php:142]
#3  pluginSystem->run_hooks() called at [/admin/index.php:828]
</back_trace>
</error>

<error>
	<dateline>1711235004</dateline>
	<script>inc/plugins/myadvertisements.php</script>
	<line>1344</line>
	<type>2</type>
	<friendly_type>Warning</friendly_type>
	<message>Undefined array key "created"</message>
	<back_trace>#0  errorHandler->error() called at [/inc/class_error.php:153]
#1  errorHandler->error_callback() called at [/inc/plugins/myadvertisements.php:1344]
#2  myadvertisements_admin() called at [/inc/class_plugins.php:142]
#3  pluginSystem->run_hooks() called at [/admin/index.php:828]
</back_trace>
</error>

<error>
	<dateline>1711235004</dateline>
	<script>inc/plugins/myadvertisements.php</script>
	<line>1344</line>
	<type>2</type>
	<friendly_type>Warning</friendly_type>
	<message>Undefined array key "created"</message>
	<back_trace>#0  errorHandler->error() called at [/inc/class_error.php:153]
#1  errorHandler->error_callback() called at [/inc/plugins/myadvertisements.php:1344]
#2  myadvertisements_admin() called at [/inc/class_plugins.php:142]
#3  pluginSystem->run_hooks() called at [/admin/index.php:828]
</back_trace>
</error>

<error>
	<dateline>1711235030</dateline>
	<script>inc/plugins/myadvertisements.php</script>
	<line>1482</line>
	<type>2</type>
	<friendly_type>Warning</friendly_type>
	<message>Undefined array key "emails"</message>
	<back_trace>#0  errorHandler->error() called at [/inc/class_error.php:153]
#1  errorHandler->error_callback() called at [/inc/plugins/myadvertisements.php:1482]
#2  myadvertisements_admin() called at [/inc/class_plugins.php:142]
#3  pluginSystem->run_hooks() called at [/admin/index.php:828]
</back_trace>
</error>

<error>
	<dateline>1711235030</dateline>
	<script>inc/plugins/myadvertisements.php</script>
	<line>1483</line>
	<type>2</type>
	<friendly_type>Warning</friendly_type>
	<message>Undefined array key "email_subject"</message>
	<back_trace>#0  errorHandler->error() called at [/inc/class_error.php:153]
#1  errorHandler->error_callback() called at [/inc/plugins/myadvertisements.php:1483]
#2  myadvertisements_admin() called at [/inc/class_plugins.php:142]
#3  pluginSystem->run_hooks() called at [/admin/index.php:828]
</back_trace>
</error>

<error>
	<dateline>1711235030</dateline>
	<script>inc/plugins/myadvertisements.php</script>
	<line>1484</line>
	<type>2</type>
	<friendly_type>Warning</friendly_type>
	<message>Undefined array key "email_message"</message>
	<back_trace>#0  errorHandler->error() called at [/inc/class_error.php:153]
#1  errorHandler->error_callback() called at [/inc/plugins/myadvertisements.php:1484]
#2  myadvertisements_admin() called at [/inc/class_plugins.php:142]
#3  pluginSystem->run_hooks() called at [/admin/index.php:828]
</back_trace>
</error>

<error>
	<dateline>1711235053</dateline>
	<script>inc/plugins/myadvertisements.php</script>
	<line>1344</line>
	<type>2</type>
	<friendly_type>Warning</friendly_type>
	<message>Undefined array key "created"</message>
	<back_trace>#0  errorHandler->error() called at [/inc/class_error.php:153]
#1  errorHandler->error_callback() called at [/inc/plugins/myadvertisements.php:1344]
#2  myadvertisements_admin() called at [/inc/class_plugins.php:142]
#3  pluginSystem->run_hooks() called at [/admin/index.php:828]
</back_trace>
</error>

<error>
	<dateline>1711235053</dateline>
	<script>inc/plugins/myadvertisements.php</script>
	<line>1344</line>
	<type>2</type>
	<friendly_type>Warning</friendly_type>
	<message>Undefined array key "created"</message>
	<back_trace>#0  errorHandler->error() called at [/inc/class_error.php:153]
#1  errorHandler->error_callback() called at [/inc/plugins/myadvertisements.php:1344]
#2  myadvertisements_admin() called at [/inc/class_plugins.php:142]
#3  pluginSystem->run_hooks() called at [/admin/index.php:828]
</back_trace>
</error>

<error>
	<dateline>1711235053</dateline>
	<script>inc/plugins/myadvertisements.php</script>
	<line>1344</line>
	<type>2</type>
	<friendly_type>Warning</friendly_type>
	<message>Undefined array key "created"</message>
	<back_trace>#0  errorHandler->error() called at [/inc/class_error.php:153]
#1  errorHandler->error_callback() called at [/inc/plugins/myadvertisements.php:1344]
#2  myadvertisements_admin() called at [/inc/class_plugins.php:142]
#3  pluginSystem->run_hooks() called at [/admin/index.php:828]
</back_trace>
</error>

<error>
	<dateline>1711235053</dateline>
	<script>inc/plugins/myadvertisements.php</script>
	<line>1344</line>
	<type>2</type>
	<friendly_type>Warning</friendly_type>
	<message>Undefined array key "created"</message>
	<back_trace>#0  errorHandler->error() called at [/inc/class_error.php:153]
#1  errorHandler->error_callback() called at [/inc/plugins/myadvertisements.php:1344]
#2  myadvertisements_admin() called at [/inc/class_plugins.php:142]
#3  pluginSystem->run_hooks() called at [/admin/index.php:828]
</back_trace>
</error>

<error>
	<dateline>1711235053</dateline>
	<script>inc/plugins/myadvertisements.php</script>
	<line>1344</line>
	<type>2</type>
	<friendly_type>Warning</friendly_type>
	<message>Undefined array key "created"</message>
	<back_trace>#0  errorHandler->error() called at [/inc/class_error.php:153]
#1  errorHandler->error_callback() called at [/inc/plugins/myadvertisements.php:1344]
#2  myadvertisements_admin() called at [/inc/class_plugins.php:142]
#3  pluginSystem->run_hooks() called at [/admin/index.php:828]
</back_trace>
</error>

<error>
	<dateline>1711235053</dateline>
	<script>inc/plugins/myadvertisements.php</script>
	<line>1344</line>
	<type>2</type>
	<friendly_type>Warning</friendly_type>
	<message>Undefined array key "created"</message>
	<back_trace>#0  errorHandler->error() called at [/inc/class_error.php:153]
#1  errorHandler->error_callback() called at [/inc/plugins/myadvertisements.php:1344]
#2  myadvertisements_admin() called at [/inc/class_plugins.php:142]
#3  pluginSystem->run_hooks() called at [/admin/index.php:828]
</back_trace>
</error>

<error>
	<dateline>1711235091</dateline>
	<script>inc/plugins/myadvertisements.php</script>
	<line>1415</line>
	<type>2</type>
	<friendly_type>Warning</friendly_type>
	<message>Undefined variable $advertisement</message>
	<back_trace>#0  errorHandler->error() called at [/inc/class_error.php:153]
#1  errorHandler->error_callback() called at [/inc/plugins/myadvertisements.php:1415]
#2  myadvertisements_admin() called at [/inc/class_plugins.php:142]
#3  pluginSystem->run_hooks() called at [/admin/index.php:828]
</back_trace>
</error>

<error>
	<dateline>1711235095</dateline>
	<script>inc/plugins/myadvertisements.php</script>
	<line>1344</line>
	<type>2</type>
	<friendly_type>Warning</friendly_type>
	<message>Undefined array key "created"</message>
	<back_trace>#0  errorHandler->error() called at [/inc/class_error.php:153]
#1  errorHandler->error_callback() called at [/inc/plugins/myadvertisements.php:1344]
#2  myadvertisements_admin() called at [/inc/class_plugins.php:142]
#3  pluginSystem->run_hooks() called at [/admin/index.php:828]
</back_trace>
</error>

<error>
	<dateline>1711235095</dateline>
	<script>inc/plugins/myadvertisements.php</script>
	<line>1344</line>
	<type>2</type>
	<friendly_type>Warning</friendly_type>
	<message>Undefined array key "created"</message>
	<back_trace>#0  errorHandler->error() called at [/inc/class_error.php:153]
#1  errorHandler->error_callback() called at [/inc/plugins/myadvertisements.php:1344]
#2  myadvertisements_admin() called at [/inc/class_plugins.php:142]
#3  pluginSystem->run_hooks() called at [/admin/index.php:828]
</back_trace>
</error>

<error>
	<dateline>1711235095</dateline>
	<script>inc/plugins/myadvertisements.php</script>
	<line>1344</line>
	<type>2</type>
	<friendly_type>Warning</friendly_type>
	<message>Undefined array key "created"</message>
	<back_trace>#0  errorHandler->error() called at [/inc/class_error.php:153]
#1  errorHandler->error_callback() called at [/inc/plugins/myadvertisements.php:1344]
#2  myadvertisements_admin() called at [/inc/class_plugins.php:142]
#3  pluginSystem->run_hooks() called at [/admin/index.php:828]
</back_trace>
</error>

<error>
	<dateline>1711235095</dateline>
	<script>inc/plugins/myadvertisements.php</script>
	<line>1344</line>
	<type>2</type>
	<friendly_type>Warning</friendly_type>
	<message>Undefined array key "created"</message>
	<back_trace>#0  errorHandler->error() called at [/inc/class_error.php:153]
#1  errorHandler->error_callback() called at [/inc/plugins/myadvertisements.php:1344]
#2  myadvertisements_admin() called at [/inc/class_plugins.php:142]
#3  pluginSystem->run_hooks() called at [/admin/index.php:828]
</back_trace>
</error>

<error>
	<dateline>1711235095</dateline>
	<script>inc/plugins/myadvertisements.php</script>
	<line>1344</line>
	<type>2</type>
	<friendly_type>Warning</friendly_type>
	<message>Undefined array key "created"</message>
	<back_trace>#0  errorHandler->error() called at [/inc/class_error.php:153]
#1  errorHandler->error_callback() called at [/inc/plugins/myadvertisements.php:1344]
#2  myadvertisements_admin() called at [/inc/class_plugins.php:142]
#3  pluginSystem->run_hooks() called at [/admin/index.php:828]
</back_trace>
</error>

<error>
	<dateline>1711235095</dateline>
	<script>inc/plugins/myadvertisements.php</script>
	<line>1344</line>
	<type>2</type>
	<friendly_type>Warning</friendly_type>
	<message>Undefined array key "created"</message>
	<back_trace>#0  errorHandler->error() called at [/inc/class_error.php:153]
#1  errorHandler->error_callback() called at [/inc/plugins/myadvertisements.php:1344]
#2  myadvertisements_admin() called at [/inc/class_plugins.php:142]
#3  pluginSystem->run_hooks() called at [/admin/index.php:828]
</back_trace>
</error>

<error>
	<dateline>1711746382</dateline>
	<script>admin/modules/user/users.php</script>
	<line>262</line>
	<type>2</type>
	<friendly_type>Warning</friendly_type>
	<message>Undefined array key "from"</message>
	<back_trace>#0  errorHandler->error() called at [/inc/class_error.php:153]
#1  errorHandler->error_callback() called at [/admin/modules/user/users.php:262]
#2  require() called at [/admin/index.php:830]
</back_trace>
</error>

<error>
	<dateline>1711746382</dateline>
	<script>admin/modules/user/users.php</script>
	<line>292</line>
	<type>2</type>
	<friendly_type>Warning</friendly_type>
	<message>Undefined array key "from"</message>
	<back_trace>#0  errorHandler->error() called at [/inc/class_error.php:153]
#1  errorHandler->error_callback() called at [/admin/modules/user/users.php:292]
#2  require() called at [/admin/index.php:830]
</back_trace>
</error>

<error>
	<dateline>1711746463</dateline>
	<script>admin/modules/user/users.php</script>
	<line>262</line>
	<type>2</type>
	<friendly_type>Warning</friendly_type>
	<message>Undefined array key "from"</message>
	<back_trace>#0  errorHandler->error() called at [/inc/class_error.php:153]
#1  errorHandler->error_callback() called at [/admin/modules/user/users.php:262]
#2  require() called at [/admin/index.php:830]
</back_trace>
</error>

<error>
	<dateline>1711746463</dateline>
	<script>admin/modules/user/users.php</script>
	<line>292</line>
	<type>2</type>
	<friendly_type>Warning</friendly_type>
	<message>Undefined array key "from"</message>
	<back_trace>#0  errorHandler->error() called at [/inc/class_error.php:153]
#1  errorHandler->error_callback() called at [/admin/modules/user/users.php:292]
#2  require() called at [/admin/index.php:830]
</back_trace>
</error>

<error>
	<dateline>1711746505</dateline>
	<script>admin/modules/user/users.php</script>
	<line>262</line>
	<type>2</type>
	<friendly_type>Warning</friendly_type>
	<message>Undefined array key "from"</message>
	<back_trace>#0  errorHandler->error() called at [/inc/class_error.php:153]
#1  errorHandler->error_callback() called at [/admin/modules/user/users.php:262]
#2  require() called at [/admin/index.php:830]
</back_trace>
</error>

<error>
	<dateline>1711746505</dateline>
	<script>admin/modules/user/users.php</script>
	<line>292</line>
	<type>2</type>
	<friendly_type>Warning</friendly_type>
	<message>Undefined array key "from"</message>
	<back_trace>#0  errorHandler->error() called at [/inc/class_error.php:153]
#1  errorHandler->error_callback() called at [/admin/modules/user/users.php:292]
#2  require() called at [/admin/index.php:830]
</back_trace>
</error>

<error>
	<dateline>1711750358</dateline>
	<script>admin/modules/user/users.php</script>
	<line>262</line>
	<type>2</type>
	<friendly_type>Warning</friendly_type>
	<message>Undefined array key "from"</message>
	<back_trace>#0  errorHandler->error() called at [/inc/class_error.php:153]
#1  errorHandler->error_callback() called at [/admin/modules/user/users.php:262]
#2  require() called at [/admin/index.php:830]
</back_trace>
</error>

<error>
	<dateline>1711750358</dateline>
	<script>admin/modules/user/users.php</script>
	<line>292</line>
	<type>2</type>
	<friendly_type>Warning</friendly_type>
	<message>Undefined array key "from"</message>
	<back_trace>#0  errorHandler->error() called at [/inc/class_error.php:153]
#1  errorHandler->error_callback() called at [/admin/modules/user/users.php:292]
#2  require() called at [/admin/index.php:830]
</back_trace>
</error>

<error>
	<dateline>1712290186</dateline>
	<script>admin/modules/user/users.php</script>
	<line>262</line>
	<type>2</type>
	<friendly_type>Warning</friendly_type>
	<message>Undefined array key "from"</message>
	<back_trace>#0  errorHandler->error() called at [/inc/class_error.php:153]
#1  errorHandler->error_callback() called at [/admin/modules/user/users.php:262]
#2  require() called at [/admin/index.php:830]
</back_trace>
</error>

<error>
	<dateline>1712290186</dateline>
	<script>admin/modules/user/users.php</script>
	<line>292</line>
	<type>2</type>
	<friendly_type>Warning</friendly_type>
	<message>Undefined array key "from"</message>
	<back_trace>#0  errorHandler->error() called at [/inc/class_error.php:153]
#1  errorHandler->error_callback() called at [/admin/modules/user/users.php:292]
#2  require() called at [/admin/index.php:830]
</back_trace>
</error>

<error>
	<dateline>1712786140</dateline>
	<script>admin/modules/user/users.php</script>
	<line>262</line>
	<type>2</type>
	<friendly_type>Warning</friendly_type>
	<message>Undefined array key "from"</message>
	<back_trace>#0  errorHandler->error() called at [/inc/class_error.php:153]
#1  errorHandler->error_callback() called at [/admin/modules/user/users.php:262]
#2  require() called at [/admin/index.php:830]
</back_trace>
</error>

<error>
	<dateline>1712786140</dateline>
	<script>admin/modules/user/users.php</script>
	<line>292</line>
	<type>2</type>
	<friendly_type>Warning</friendly_type>
	<message>Undefined array key "from"</message>
	<back_trace>#0  errorHandler->error() called at [/inc/class_error.php:153]
#1  errorHandler->error_callback() called at [/admin/modules/user/users.php:292]
#2  require() called at [/admin/index.php:830]
</back_trace>
</error>

<error>
	<dateline>1712967707</dateline>
	<script>admin/modules/user/users.php</script>
	<line>262</line>
	<type>2</type>
	<friendly_type>Warning</friendly_type>
	<message>Undefined array key "from"</message>
	<back_trace>#0  errorHandler->error() called at [/inc/class_error.php:153]
#1  errorHandler->error_callback() called at [/admin/modules/user/users.php:262]
#2  require() called at [/admin/index.php:830]
</back_trace>
</error>

<error>
	<dateline>1712967707</dateline>
	<script>admin/modules/user/users.php</script>
	<line>292</line>
	<type>2</type>
	<friendly_type>Warning</friendly_type>
	<message>Undefined array key "from"</message>
	<back_trace>#0  errorHandler->error() called at [/inc/class_error.php:153]
#1  errorHandler->error_callback() called at [/admin/modules/user/users.php:292]
#2  require() called at [/admin/index.php:830]
</back_trace>
</error>

<error>
	<dateline>1713737131</dateline>
	<script>admin/modules/user/users.php</script>
	<line>262</line>
	<type>2</type>
	<friendly_type>Warning</friendly_type>
	<message>Undefined array key "from"</message>
	<back_trace>#0  errorHandler->error() called at [/inc/class_error.php:153]
#1  errorHandler->error_callback() called at [/admin/modules/user/users.php:262]
#2  require() called at [/admin/index.php:830]
</back_trace>
</error>

<error>
	<dateline>1713737131</dateline>
	<script>admin/modules/user/users.php</script>
	<line>292</line>
	<type>2</type>
	<friendly_type>Warning</friendly_type>
	<message>Undefined array key "from"</message>
	<back_trace>#0  errorHandler->error() called at [/inc/class_error.php:153]
#1  errorHandler->error_callback() called at [/admin/modules/user/users.php:292]
#2  require() called at [/admin/index.php:830]
</back_trace>
</error>

<error>
	<dateline>1714136034</dateline>
	<script>admin/modules/user/users.php</script>
	<line>262</line>
	<type>2</type>
	<friendly_type>Warning</friendly_type>
	<message>Undefined array key "from"</message>
	<back_trace>#0  errorHandler->error() called at [/inc/class_error.php:153]
#1  errorHandler->error_callback() called at [/admin/modules/user/users.php:262]
#2  require() called at [/admin/index.php:830]
</back_trace>
</error>

<error>
	<dateline>1714136034</dateline>
	<script>admin/modules/user/users.php</script>
	<line>292</line>
	<type>2</type>
	<friendly_type>Warning</friendly_type>
	<message>Undefined array key "from"</message>
	<back_trace>#0  errorHandler->error() called at [/inc/class_error.php:153]
#1  errorHandler->error_callback() called at [/admin/modules/user/users.php:292]
#2  require() called at [/admin/index.php:830]
</back_trace>
</error>

<error>
	<dateline>1714745725</dateline>
	<script>admin/modules/user/users.php</script>
	<line>262</line>
	<type>2</type>
	<friendly_type>Warning</friendly_type>
	<message>Undefined array key "from"</message>
	<back_trace>#0  errorHandler->error() called at [/inc/class_error.php:153]
#1  errorHandler->error_callback() called at [/admin/modules/user/users.php:262]
#2  require() called at [/admin/index.php:830]
</back_trace>
</error>

<error>
	<dateline>1714745725</dateline>
	<script>admin/modules/user/users.php</script>
	<line>292</line>
	<type>2</type>
	<friendly_type>Warning</friendly_type>
	<message>Undefined array key "from"</message>
	<back_trace>#0  errorHandler->error() called at [/inc/class_error.php:153]
#1  errorHandler->error_callback() called at [/admin/modules/user/users.php:292]
#2  require() called at [/admin/index.php:830]
</back_trace>
</error>

<error>
	<dateline>1715006396</dateline>
	<script>admin/modules/user/users.php</script>
	<line>262</line>
	<type>2</type>
	<friendly_type>Warning</friendly_type>
	<message>Undefined array key "from"</message>
	<back_trace>#0  errorHandler->error() called at [/inc/class_error.php:153]
#1  errorHandler->error_callback() called at [/admin/modules/user/users.php:262]
#2  require() called at [/admin/index.php:830]
</back_trace>
</error>

<error>
	<dateline>1715006396</dateline>
	<script>admin/modules/user/users.php</script>
	<line>292</line>
	<type>2</type>
	<friendly_type>Warning</friendly_type>
	<message>Undefined array key "from"</message>
	<back_trace>#0  errorHandler->error() called at [/inc/class_error.php:153]
#1  errorHandler->error_callback() called at [/admin/modules/user/users.php:292]
#2  require() called at [/admin/index.php:830]
</back_trace>
</error>

<error>
	<dateline>1715382916</dateline>
	<script>admin/modules/user/users.php</script>
	<line>262</line>
	<type>2</type>
	<friendly_type>Warning</friendly_type>
	<message>Undefined array key "from"</message>
	<back_trace>#0  errorHandler->error() called at [/inc/class_error.php:153]
#1  errorHandler->error_callback() called at [/admin/modules/user/users.php:262]
#2  require() called at [/admin/index.php:830]
</back_trace>
</error>

<error>
	<dateline>1715382916</dateline>
	<script>admin/modules/user/users.php</script>
	<line>292</line>
	<type>2</type>
	<friendly_type>Warning</friendly_type>
	<message>Undefined array key "from"</message>
	<back_trace>#0  errorHandler->error() called at [/inc/class_error.php:153]
#1  errorHandler->error_callback() called at [/admin/modules/user/users.php:292]
#2  require() called at [/admin/index.php:830]
</back_trace>
</error>

<error>
	<dateline>1715382959</dateline>
	<script>admin/modules/user/users.php</script>
	<line>3114</line>
	<type>2</type>
	<friendly_type>Warning</friendly_type>
	<message>Undefined array key "69f8ef5ba35526e863d9d1d6b80703c9"</message>
	<back_trace>#0  errorHandler->error() called at [/inc/class_error.php:153]
#1  errorHandler->error_callback() called at [/admin/modules/user/users.php:3114]
#2  require() called at [/admin/index.php:830]
</back_trace>
</error>

<error>
	<dateline>1715383290</dateline>
	<script>admin/modules/user/users.php</script>
	<line>262</line>
	<type>2</type>
	<friendly_type>Warning</friendly_type>
	<message>Undefined array key "from"</message>
	<back_trace>#0  errorHandler->error() called at [/inc/class_error.php:153]
#1  errorHandler->error_callback() called at [/admin/modules/user/users.php:262]
#2  require() called at [/admin/index.php:830]
</back_trace>
</error>

<error>
	<dateline>1715383290</dateline>
	<script>admin/modules/user/users.php</script>
	<line>292</line>
	<type>2</type>
	<friendly_type>Warning</friendly_type>
	<message>Undefined array key "from"</message>
	<back_trace>#0  errorHandler->error() called at [/inc/class_error.php:153]
#1  errorHandler->error_callback() called at [/admin/modules/user/users.php:292]
#2  require() called at [/admin/index.php:830]
</back_trace>
</error>

<error>
	<dateline>1715980377</dateline>
	<script>admin/modules/user/users.php</script>
	<line>262</line>
	<type>2</type>
	<friendly_type>Warning</friendly_type>
	<message>Undefined array key "from"</message>
	<back_trace>#0  errorHandler->error() called at [/inc/class_error.php:153]
#1  errorHandler->error_callback() called at [/admin/modules/user/users.php:262]
#2  require() called at [/admin/index.php:830]
</back_trace>
</error>

<error>
	<dateline>1715980377</dateline>
	<script>admin/modules/user/users.php</script>
	<line>292</line>
	<type>2</type>
	<friendly_type>Warning</friendly_type>
	<message>Undefined array key "from"</message>
	<back_trace>#0  errorHandler->error() called at [/inc/class_error.php:153]
#1  errorHandler->error_callback() called at [/admin/modules/user/users.php:292]
#2  require() called at [/admin/index.php:830]
</back_trace>
</error>

<error>
	<dateline>1716160017</dateline>
	<script>admin/modules/user/users.php</script>
	<line>262</line>
	<type>2</type>
	<friendly_type>Warning</friendly_type>
	<message>Undefined array key "from"</message>
	<back_trace>#0  errorHandler->error() called at [/inc/class_error.php:153]
#1  errorHandler->error_callback() called at [/admin/modules/user/users.php:262]
#2  require() called at [/admin/index.php:830]
</back_trace>
</error>

<error>
	<dateline>1716160017</dateline>
	<script>admin/modules/user/users.php</script>
	<line>292</line>
	<type>2</type>
	<friendly_type>Warning</friendly_type>
	<message>Undefined array key "from"</message>
	<back_trace>#0  errorHandler->error() called at [/inc/class_error.php:153]
#1  errorHandler->error_callback() called at [/admin/modules/user/users.php:292]
#2  require() called at [/admin/index.php:830]
</back_trace>
</error>

<error>
	<dateline>1716210894</dateline>
	<script>admin/modules/user/users.php</script>
	<line>262</line>
	<type>2</type>
	<friendly_type>Warning</friendly_type>
	<message>Undefined array key "from"</message>
	<back_trace>#0  errorHandler->error() called at [/inc/class_error.php:153]
#1  errorHandler->error_callback() called at [/admin/modules/user/users.php:262]
#2  require() called at [/admin/index.php:830]
</back_trace>
</error>

<error>
	<dateline>1716210894</dateline>
	<script>admin/modules/user/users.php</script>
	<line>292</line>
	<type>2</type>
	<friendly_type>Warning</friendly_type>
	<message>Undefined array key "from"</message>
	<back_trace>#0  errorHandler->error() called at [/inc/class_error.php:153]
#1  errorHandler->error_callback() called at [/admin/modules/user/users.php:292]
#2  require() called at [/admin/index.php:830]
</back_trace>
</error>

<error>
	<dateline>1716760154</dateline>
	<script>admin/modules/user/users.php</script>
	<line>262</line>
	<type>2</type>
	<friendly_type>Warning</friendly_type>
	<message>Undefined array key "from"</message>
	<back_trace>#0  errorHandler->error() called at [/inc/class_error.php:153]
#1  errorHandler->error_callback() called at [/admin/modules/user/users.php:262]
#2  require() called at [/admin/index.php:830]
</back_trace>
</error>

<error>
	<dateline>1716760154</dateline>
	<script>admin/modules/user/users.php</script>
	<line>292</line>
	<type>2</type>
	<friendly_type>Warning</friendly_type>
	<message>Undefined array key "from"</message>
	<back_trace>#0  errorHandler->error() called at [/inc/class_error.php:153]
#1  errorHandler->error_callback() called at [/admin/modules/user/users.php:292]
#2  require() called at [/admin/index.php:830]
</back_trace>
</error>

<error>
	<dateline>1716814236</dateline>
	<script>admin/modules/user/users.php</script>
	<line>262</line>
	<type>2</type>
	<friendly_type>Warning</friendly_type>
	<message>Undefined array key "from"</message>
	<back_trace>#0  errorHandler->error() called at [/inc/class_error.php:153]
#1  errorHandler->error_callback() called at [/admin/modules/user/users.php:262]
#2  require() called at [/admin/index.php:830]
</back_trace>
</error>

<error>
	<dateline>1716814236</dateline>
	<script>admin/modules/user/users.php</script>
	<line>292</line>
	<type>2</type>
	<friendly_type>Warning</friendly_type>
	<message>Undefined array key "from"</message>
	<back_trace>#0  errorHandler->error() called at [/inc/class_error.php:153]
#1  errorHandler->error_callback() called at [/admin/modules/user/users.php:292]
#2  require() called at [/admin/index.php:830]
</back_trace>
</error>

<error>
	<dateline>1716825681</dateline>
	<script>admin/modules/user/users.php</script>
	<line>262</line>
	<type>2</type>
	<friendly_type>Warning</friendly_type>
	<message>Undefined array key "from"</message>
	<back_trace>#0  errorHandler->error() called at [/inc/class_error.php:153]
#1  errorHandler->error_callback() called at [/admin/modules/user/users.php:262]
#2  require() called at [/admin/index.php:830]
</back_trace>
</error>

<error>
	<dateline>1716825681</dateline>
	<script>admin/modules/user/users.php</script>
	<line>292</line>
	<type>2</type>
	<friendly_type>Warning</friendly_type>
	<message>Undefined array key "from"</message>
	<back_trace>#0  errorHandler->error() called at [/inc/class_error.php:153]
#1  errorHandler->error_callback() called at [/admin/modules/user/users.php:292]
#2  require() called at [/admin/index.php:830]
</back_trace>
</error>

<error>
	<dateline>1717016782</dateline>
	<script>inc/class_parser.php</script>
	<line>1306</line>
	<type>2</type>
	<friendly_type>Warning</friendly_type>
	<message>Undefined property: MyLanguage::$posted_image</message>
	<back_trace>#0  errorHandler->error() called at [/inc/class_error.php:153]
#1  errorHandler->error_callback() called at [/inc/class_parser.php:1306]
#2  postParser->mycode_parse_img() called at [/inc/class_parser.php:1328]
#3  postParser->mycode_parse_img_callback1() called at [[PHP]: ]
#4  preg_replace_callback() called at [/inc/class_parser.php:497]
#5  postParser->parse_mycode() called at [/inc/class_parser.php:228]
#6  postParser->parse_message() called at [/inc/datahandlers/user.php:1853]
#7  UserDataHandler->verify_signature() called at [/inc/datahandlers/user.php:1086]
#8  UserDataHandler->validate_user() called at [/admin/modules/user/users.php:596]
#9  require() called at [/admin/index.php:830]
</back_trace>
</error>

<error>
	<dateline>1717016839</dateline>
	<script>inc/class_parser.php</script>
	<line>1306</line>
	<type>2</type>
	<friendly_type>Warning</friendly_type>
	<message>Undefined property: MyLanguage::$posted_image</message>
	<back_trace>#0  errorHandler->error() called at [/inc/class_error.php:153]
#1  errorHandler->error_callback() called at [/inc/class_parser.php:1306]
#2  postParser->mycode_parse_img() called at [/inc/class_parser.php:1328]
#3  postParser->mycode_parse_img_callback1() called at [[PHP]: ]
#4  preg_replace_callback() called at [/inc/class_parser.php:497]
#5  postParser->parse_mycode() called at [/inc/class_parser.php:228]
#6  postParser->parse_message() called at [/inc/datahandlers/user.php:1853]
#7  UserDataHandler->verify_signature() called at [/inc/datahandlers/user.php:1086]
#8  UserDataHandler->validate_user() called at [/admin/modules/user/users.php:596]
#9  require() called at [/admin/index.php:830]
</back_trace>
</error>

<error>
	<dateline>1717337979</dateline>
	<script>admin/modules/user/users.php</script>
	<line>262</line>
	<type>2</type>
	<friendly_type>Warning</friendly_type>
	<message>Undefined array key "from"</message>
	<back_trace>#0  errorHandler->error() called at [/inc/class_error.php:153]
#1  errorHandler->error_callback() called at [/admin/modules/user/users.php:262]
#2  require() called at [/admin/index.php:830]
</back_trace>
</error>

<error>
	<dateline>1717337979</dateline>
	<script>admin/modules/user/users.php</script>
	<line>292</line>
	<type>2</type>
	<friendly_type>Warning</friendly_type>
	<message>Undefined array key "from"</message>
	<back_trace>#0  errorHandler->error() called at [/inc/class_error.php:153]
#1  errorHandler->error_callback() called at [/admin/modules/user/users.php:292]
#2  require() called at [/admin/index.php:830]
</back_trace>
</error>

<error>
	<dateline>1717939398</dateline>
	<script>admin/modules/user/users.php</script>
	<line>262</line>
	<type>2</type>
	<friendly_type>Warning</friendly_type>
	<message>Undefined array key "from"</message>
	<back_trace>#0  errorHandler->error() called at [/inc/class_error.php:153]
#1  errorHandler->error_callback() called at [/admin/modules/user/users.php:262]
#2  require() called at [/admin/index.php:830]
</back_trace>
</error>

<error>
	<dateline>1717939398</dateline>
	<script>admin/modules/user/users.php</script>
	<line>292</line>
	<type>2</type>
	<friendly_type>Warning</friendly_type>
	<message>Undefined array key "from"</message>
	<back_trace>#0  errorHandler->error() called at [/inc/class_error.php:153]
#1  errorHandler->error_callback() called at [/admin/modules/user/users.php:292]
#2  require() called at [/admin/index.php:830]
</back_trace>
</error>

<error>
	<dateline>1718110866</dateline>
	<script>admin/modules/user/users.php</script>
	<line>262</line>
	<type>2</type>
	<friendly_type>Warning</friendly_type>
	<message>Undefined array key "from"</message>
	<back_trace>#0  errorHandler->error() called at [/inc/class_error.php:153]
#1  errorHandler->error_callback() called at [/admin/modules/user/users.php:262]
#2  require() called at [/admin/index.php:830]
</back_trace>
</error>

<error>
	<dateline>1718110866</dateline>
	<script>admin/modules/user/users.php</script>
	<line>292</line>
	<type>2</type>
	<friendly_type>Warning</friendly_type>
	<message>Undefined array key "from"</message>
	<back_trace>#0  errorHandler->error() called at [/inc/class_error.php:153]
#1  errorHandler->error_callback() called at [/admin/modules/user/users.php:292]
#2  require() called at [/admin/index.php:830]
</back_trace>
</error>

<error>
	<dateline>1718216097</dateline>
	<script>admin/modules/user/users.php</script>
	<line>262</line>
	<type>2</type>
	<friendly_type>Warning</friendly_type>
	<message>Undefined array key "from"</message>
	<back_trace>#0  errorHandler->error() called at [/inc/class_error.php:153]
#1  errorHandler->error_callback() called at [/admin/modules/user/users.php:262]
#2  require() called at [/admin/index.php:830]
</back_trace>
</error>

<error>
	<dateline>1718216097</dateline>
	<script>admin/modules/user/users.php</script>
	<line>292</line>
	<type>2</type>
	<friendly_type>Warning</friendly_type>
	<message>Undefined array key "from"</message>
	<back_trace>#0  errorHandler->error() called at [/inc/class_error.php:153]
#1  errorHandler->error_callback() called at [/admin/modules/user/users.php:292]
#2  require() called at [/admin/index.php:830]
</back_trace>
</error>

<error>
	<dateline>1718974944</dateline>
	<script>admin/modules/user/users.php</script>
	<line>262</line>
	<type>2</type>
	<friendly_type>Warning</friendly_type>
	<message>Undefined array key "from"</message>
	<back_trace>#0  errorHandler->error() called at [/inc/class_error.php:153]
#1  errorHandler->error_callback() called at [/admin/modules/user/users.php:262]
#2  require() called at [/admin/index.php:830]
</back_trace>
</error>

<error>
	<dateline>1718974944</dateline>
	<script>admin/modules/user/users.php</script>
	<line>292</line>
	<type>2</type>
	<friendly_type>Warning</friendly_type>
	<message>Undefined array key "from"</message>
	<back_trace>#0  errorHandler->error() called at [/inc/class_error.php:153]
#1  errorHandler->error_callback() called at [/admin/modules/user/users.php:292]
#2  require() called at [/admin/index.php:830]
</back_trace>
</error>

<error>
	<dateline>1719412164</dateline>
	<script>admin/modules/user/users.php</script>
	<line>262</line>
	<type>2</type>
	<friendly_type>Warning</friendly_type>
	<message>Undefined array key "from"</message>
	<back_trace>#0  errorHandler->error() called at [/inc/class_error.php:153]
#1  errorHandler->error_callback() called at [/admin/modules/user/users.php:262]
#2  require() called at [/admin/index.php:830]
</back_trace>
</error>

<error>
	<dateline>1719412164</dateline>
	<script>admin/modules/user/users.php</script>
	<line>292</line>
	<type>2</type>
	<friendly_type>Warning</friendly_type>
	<message>Undefined array key "from"</message>
	<back_trace>#0  errorHandler->error() called at [/inc/class_error.php:153]
#1  errorHandler->error_callback() called at [/admin/modules/user/users.php:292]
#2  require() called at [/admin/index.php:830]
</back_trace>
</error>

<error>
	<dateline>1720074140</dateline>
	<script>admin/modules/user/users.php</script>
	<line>262</line>
	<type>2</type>
	<friendly_type>Warning</friendly_type>
	<message>Undefined array key "from"</message>
	<back_trace>#0  errorHandler->error() called at [/inc/class_error.php:153]
#1  errorHandler->error_callback() called at [/admin/modules/user/users.php:262]
#2  require() called at [/admin/index.php:830]
</back_trace>
</error>

<error>
	<dateline>1720074140</dateline>
	<script>admin/modules/user/users.php</script>
	<line>292</line>
	<type>2</type>
	<friendly_type>Warning</friendly_type>
	<message>Undefined array key "from"</message>
	<back_trace>#0  errorHandler->error() called at [/inc/class_error.php:153]
#1  errorHandler->error_callback() called at [/admin/modules/user/users.php:292]
#2  require() called at [/admin/index.php:830]
</back_trace>
</error>

<error>
	<dateline>1720350867</dateline>
	<script>admin/modules/user/users.php</script>
	<line>262</line>
	<type>2</type>
	<friendly_type>Warning</friendly_type>
	<message>Undefined array key "from"</message>
	<back_trace>#0  errorHandler->error() called at [/inc/class_error.php:153]
#1  errorHandler->error_callback() called at [/admin/modules/user/users.php:262]
#2  require() called at [/admin/index.php:830]
</back_trace>
</error>

<error>
	<dateline>1720350867</dateline>
	<script>admin/modules/user/users.php</script>
	<line>292</line>
	<type>2</type>
	<friendly_type>Warning</friendly_type>
	<message>Undefined array key "from"</message>
	<back_trace>#0  errorHandler->error() called at [/inc/class_error.php:153]
#1  errorHandler->error_callback() called at [/admin/modules/user/users.php:292]
#2  require() called at [/admin/index.php:830]
</back_trace>
</error>

<error>
	<dateline>1720453890</dateline>
	<script>admin/modules/user/users.php</script>
	<line>262</line>
	<type>2</type>
	<friendly_type>Warning</friendly_type>
	<message>Undefined array key "from"</message>
	<back_trace>#0  errorHandler->error() called at [/inc/class_error.php:153]
#1  errorHandler->error_callback() called at [/admin/modules/user/users.php:262]
#2  require() called at [/admin/index.php:830]
</back_trace>
</error>

<error>
	<dateline>1720453890</dateline>
	<script>admin/modules/user/users.php</script>
	<line>292</line>
	<type>2</type>
	<friendly_type>Warning</friendly_type>
	<message>Undefined array key "from"</message>
	<back_trace>#0  errorHandler->error() called at [/inc/class_error.php:153]
#1  errorHandler->error_callback() called at [/admin/modules/user/users.php:292]
#2  require() called at [/admin/index.php:830]
</back_trace>
</error>

<error>
	<dateline>1721394106</dateline>
	<script>admin/modules/user/users.php</script>
	<line>262</line>
	<type>2</type>
	<friendly_type>Warning</friendly_type>
	<message>Undefined array key "from"</message>
	<back_trace>#0  errorHandler->error() called at [/inc/class_error.php:153]
#1  errorHandler->error_callback() called at [/admin/modules/user/users.php:262]
#2  require() called at [/admin/index.php:830]
</back_trace>
</error>

<error>
	<dateline>1721394106</dateline>
	<script>admin/modules/user/users.php</script>
	<line>292</line>
	<type>2</type>
	<friendly_type>Warning</friendly_type>
	<message>Undefined array key "from"</message>
	<back_trace>#0  errorHandler->error() called at [/inc/class_error.php:153]
#1  errorHandler->error_callback() called at [/admin/modules/user/users.php:292]
#2  require() called at [/admin/index.php:830]
</back_trace>
</error>

<error>
	<dateline>1722472935</dateline>
	<script>admin/modules/user/users.php</script>
	<line>262</line>
	<type>2</type>
	<friendly_type>Warning</friendly_type>
	<message>Undefined array key "from"</message>
	<back_trace>#0  errorHandler->error() called at [/inc/class_error.php:153]
#1  errorHandler->error_callback() called at [/admin/modules/user/users.php:262]
#2  require() called at [/admin/index.php:830]
</back_trace>
</error>

<error>
	<dateline>1722472935</dateline>
	<script>admin/modules/user/users.php</script>
	<line>292</line>
	<type>2</type>
	<friendly_type>Warning</friendly_type>
	<message>Undefined array key "from"</message>
	<back_trace>#0  errorHandler->error() called at [/inc/class_error.php:153]
#1  errorHandler->error_callback() called at [/admin/modules/user/users.php:292]
#2  require() called at [/admin/index.php:830]
</back_trace>
</error>

<error>
	<dateline>1722692242</dateline>
	<script>admin/modules/user/users.php</script>
	<line>262</line>
	<type>2</type>
	<friendly_type>Warning</friendly_type>
	<message>Undefined array key "from"</message>
	<back_trace>#0  errorHandler->error() called at [/inc/class_error.php:153]
#1  errorHandler->error_callback() called at [/admin/modules/user/users.php:262]
#2  require() called at [/admin/index.php:830]
</back_trace>
</error>

<error>
	<dateline>1722692242</dateline>
	<script>admin/modules/user/users.php</script>
	<line>292</line>
	<type>2</type>
	<friendly_type>Warning</friendly_type>
	<message>Undefined array key "from"</message>
	<back_trace>#0  errorHandler->error() called at [/inc/class_error.php:153]
#1  errorHandler->error_callback() called at [/admin/modules/user/users.php:292]
#2  require() called at [/admin/index.php:830]
</back_trace>
</error>

<error>
	<dateline>1723076974</dateline>
	<script>admin/modules/user/users.php</script>
	<line>3114</line>
	<type>2</type>
	<friendly_type>Warning</friendly_type>
	<message>Undefined array key "0506f8e7a97934d414d5e265eb26d903"</message>
	<back_trace>#0  errorHandler->error() called at [/inc/class_error.php:153]
#1  errorHandler->error_callback() called at [/admin/modules/user/users.php:3114]
#2  require() called at [/admin/index.php:830]
</back_trace>
</error>

<error>
	<dateline>1723240057</dateline>
	<script>admin/modules/user/users.php</script>
	<line>262</line>
	<type>2</type>
	<friendly_type>Warning</friendly_type>
	<message>Undefined array key "from"</message>
	<back_trace>#0  errorHandler->error() called at [/inc/class_error.php:153]
#1  errorHandler->error_callback() called at [/admin/modules/user/users.php:262]
#2  require() called at [/admin/index.php:830]
</back_trace>
</error>

<error>
	<dateline>1723240057</dateline>
	<script>admin/modules/user/users.php</script>
	<line>292</line>
	<type>2</type>
	<friendly_type>Warning</friendly_type>
	<message>Undefined array key "from"</message>
	<back_trace>#0  errorHandler->error() called at [/inc/class_error.php:153]
#1  errorHandler->error_callback() called at [/admin/modules/user/users.php:292]
#2  require() called at [/admin/index.php:830]
</back_trace>
</error>

<error>
	<dateline>1723240133</dateline>
	<script>admin/modules/user/users.php</script>
	<line>262</line>
	<type>2</type>
	<friendly_type>Warning</friendly_type>
	<message>Undefined array key "from"</message>
	<back_trace>#0  errorHandler->error() called at [/inc/class_error.php:153]
#1  errorHandler->error_callback() called at [/admin/modules/user/users.php:262]
#2  require() called at [/admin/index.php:830]
</back_trace>
</error>

<error>
	<dateline>1723240133</dateline>
	<script>admin/modules/user/users.php</script>
	<line>292</line>
	<type>2</type>
	<friendly_type>Warning</friendly_type>
	<message>Undefined array key "from"</message>
	<back_trace>#0  errorHandler->error() called at [/inc/class_error.php:153]
#1  errorHandler->error_callback() called at [/admin/modules/user/users.php:292]
#2  require() called at [/admin/index.php:830]
</back_trace>
</error>

<error>
	<dateline>1723601123</dateline>
	<script>admin/modules/user/users.php</script>
	<line>262</line>
	<type>2</type>
	<friendly_type>Warning</friendly_type>
	<message>Undefined array key "from"</message>
	<back_trace>#0  errorHandler->error() called at [/inc/class_error.php:153]
#1  errorHandler->error_callback() called at [/admin/modules/user/users.php:262]
#2  require() called at [/admin/index.php:830]
</back_trace>
</error>

<error>
	<dateline>1723601123</dateline>
	<script>admin/modules/user/users.php</script>
	<line>292</line>
	<type>2</type>
	<friendly_type>Warning</friendly_type>
	<message>Undefined array key "from"</message>
	<back_trace>#0  errorHandler->error() called at [/inc/class_error.php:153]
#1  errorHandler->error_callback() called at [/admin/modules/user/users.php:292]
#2  require() called at [/admin/index.php:830]
</back_trace>
</error>

<error>
	<dateline>1724794463</dateline>
	<script>admin/modules/user/users.php</script>
	<line>262</line>
	<type>2</type>
	<friendly_type>Warning</friendly_type>
	<message>Undefined array key "from"</message>
	<back_trace>#0  errorHandler->error() called at [/inc/class_error.php:153]
#1  errorHandler->error_callback() called at [/admin/modules/user/users.php:262]
#2  require() called at [/admin/index.php:830]
</back_trace>
</error>

<error>
	<dateline>1724794463</dateline>
	<script>admin/modules/user/users.php</script>
	<line>292</line>
	<type>2</type>
	<friendly_type>Warning</friendly_type>
	<message>Undefined array key "from"</message>
	<back_trace>#0  errorHandler->error() called at [/inc/class_error.php:153]
#1  errorHandler->error_callback() called at [/admin/modules/user/users.php:292]
#2  require() called at [/admin/index.php:830]
</back_trace>
</error>

<error>
	<dateline>1725288083</dateline>
	<script>admin/modules/user/users.php</script>
	<line>262</line>
	<type>2</type>
	<friendly_type>Warning</friendly_type>
	<message>Undefined array key "from"</message>
	<back_trace>#0  errorHandler->error() called at [/inc/class_error.php:153]
#1  errorHandler->error_callback() called at [/admin/modules/user/users.php:262]
#2  require() called at [/admin/index.php:830]
</back_trace>
</error>

<error>
	<dateline>1725288083</dateline>
	<script>admin/modules/user/users.php</script>
	<line>292</line>
	<type>2</type>
	<friendly_type>Warning</friendly_type>
	<message>Undefined array key "from"</message>
	<back_trace>#0  errorHandler->error() called at [/inc/class_error.php:153]
#1  errorHandler->error_callback() called at [/admin/modules/user/users.php:292]
#2  require() called at [/admin/index.php:830]
</back_trace>
</error>

<error>
	<dateline>1725515528</dateline>
	<script>admin/modules/user/users.php</script>
	<line>262</line>
	<type>2</type>
	<friendly_type>Warning</friendly_type>
	<message>Undefined array key "from"</message>
	<back_trace>#0  errorHandler->error() called at [/inc/class_error.php:153]
#1  errorHandler->error_callback() called at [/admin/modules/user/users.php:262]
#2  require() called at [/admin/index.php:830]
</back_trace>
</error>

<error>
	<dateline>1725515528</dateline>
	<script>admin/modules/user/users.php</script>
	<line>292</line>
	<type>2</type>
	<friendly_type>Warning</friendly_type>
	<message>Undefined array key "from"</message>
	<back_trace>#0  errorHandler->error() called at [/inc/class_error.php:153]
#1  errorHandler->error_callback() called at [/admin/modules/user/users.php:292]
#2  require() called at [/admin/index.php:830]
</back_trace>
</error>

<error>
	<dateline>1726150439</dateline>
	<script>admin/modules/user/users.php</script>
	<line>262</line>
	<type>2</type>
	<friendly_type>Warning</friendly_type>
	<message>Undefined array key "from"</message>
	<back_trace>#0  errorHandler->error() called at [/inc/class_error.php:153]
#1  errorHandler->error_callback() called at [/admin/modules/user/users.php:262]
#2  require() called at [/admin/index.php:830]
</back_trace>
</error>

<error>
	<dateline>1726150439</dateline>
	<script>admin/modules/user/users.php</script>
	<line>292</line>
	<type>2</type>
	<friendly_type>Warning</friendly_type>
	<message>Undefined array key "from"</message>
	<back_trace>#0  errorHandler->error() called at [/inc/class_error.php:153]
#1  errorHandler->error_callback() called at [/admin/modules/user/users.php:292]
#2  require() called at [/admin/index.php:830]
</back_trace>
</error>

<error>
	<dateline>1726808752</dateline>
	<script>admin/modules/user/users.php</script>
	<line>262</line>
	<type>2</type>
	<friendly_type>Warning</friendly_type>
	<message>Undefined array key "from"</message>
	<back_trace>#0  errorHandler->error() called at [/inc/class_error.php:153]
#1  errorHandler->error_callback() called at [/admin/modules/user/users.php:262]
#2  require() called at [/admin/index.php:830]
</back_trace>
</error>

<error>
	<dateline>1726808752</dateline>
	<script>admin/modules/user/users.php</script>
	<line>292</line>
	<type>2</type>
	<friendly_type>Warning</friendly_type>
	<message>Undefined array key "from"</message>
	<back_trace>#0  errorHandler->error() called at [/inc/class_error.php:153]
#1  errorHandler->error_callback() called at [/admin/modules/user/users.php:292]
#2  require() called at [/admin/index.php:830]
</back_trace>
</error>

<error>
	<dateline>1727878027</dateline>
	<script>admin/modules/user/users.php</script>
	<line>262</line>
	<type>2</type>
	<friendly_type>Warning</friendly_type>
	<message>Undefined array key "from"</message>
	<back_trace>#0  errorHandler->error() called at [/inc/class_error.php:153]
#1  errorHandler->error_callback() called at [/admin/modules/user/users.php:262]
#2  require() called at [/admin/index.php:830]
</back_trace>
</error>

<error>
	<dateline>1727878027</dateline>
	<script>admin/modules/user/users.php</script>
	<line>292</line>
	<type>2</type>
	<friendly_type>Warning</friendly_type>
	<message>Undefined array key "from"</message>
	<back_trace>#0  errorHandler->error() called at [/inc/class_error.php:153]
#1  errorHandler->error_callback() called at [/admin/modules/user/users.php:292]
#2  require() called at [/admin/index.php:830]
</back_trace>
</error>

<error>
	<dateline>1728733537</dateline>
	<script>admin/modules/user/users.php</script>
	<line>262</line>
	<type>2</type>
	<friendly_type>Warning</friendly_type>
	<message>Undefined array key "from"</message>
	<back_trace>#0  errorHandler->error() called at [/inc/class_error.php:153]
#1  errorHandler->error_callback() called at [/admin/modules/user/users.php:262]
#2  require() called at [/admin/index.php:830]
</back_trace>
</error>

<error>
	<dateline>1728733537</dateline>
	<script>admin/modules/user/users.php</script>
	<line>292</line>
	<type>2</type>
	<friendly_type>Warning</friendly_type>
	<message>Undefined array key "from"</message>
	<back_trace>#0  errorHandler->error() called at [/inc/class_error.php:153]
#1  errorHandler->error_callback() called at [/admin/modules/user/users.php:292]
#2  require() called at [/admin/index.php:830]
</back_trace>
</error>

<error>
	<dateline>1729678464</dateline>
	<script>admin/modules/user/users.php</script>
	<line>262</line>
	<type>2</type>
	<friendly_type>Warning</friendly_type>
	<message>Undefined array key "from"</message>
	<back_trace>#0  errorHandler->error() called at [/inc/class_error.php:153]
#1  errorHandler->error_callback() called at [/admin/modules/user/users.php:262]
#2  require() called at [/admin/index.php:830]
</back_trace>
</error>

<error>
	<dateline>1729678464</dateline>
	<script>admin/modules/user/users.php</script>
	<line>292</line>
	<type>2</type>
	<friendly_type>Warning</friendly_type>
	<message>Undefined array key "from"</message>
	<back_trace>#0  errorHandler->error() called at [/inc/class_error.php:153]
#1  errorHandler->error_callback() called at [/admin/modules/user/users.php:292]
#2  require() called at [/admin/index.php:830]
</back_trace>
</error>

<error>
	<dateline>1730983053</dateline>
	<script>admin/modules/user/users.php</script>
	<line>262</line>
	<type>2</type>
	<friendly_type>Warning</friendly_type>
	<message>Undefined array key "from"</message>
	<back_trace>#0  errorHandler->error() called at [/inc/class_error.php:153]
#1  errorHandler->error_callback() called at [/admin/modules/user/users.php:262]
#2  require() called at [/admin/index.php:830]
</back_trace>
</error>

<error>
	<dateline>1730983053</dateline>
	<script>admin/modules/user/users.php</script>
	<line>292</line>
	<type>2</type>
	<friendly_type>Warning</friendly_type>
	<message>Undefined array key "from"</message>
	<back_trace>#0  errorHandler->error() called at [/inc/class_error.php:153]
#1  errorHandler->error_callback() called at [/admin/modules/user/users.php:292]
#2  require() called at [/admin/index.php:830]
</back_trace>
</error>

<error>
	<dateline>1730983158</dateline>
	<script>admin/modules/user/users.php</script>
	<line>262</line>
	<type>2</type>
	<friendly_type>Warning</friendly_type>
	<message>Undefined array key "from"</message>
	<back_trace>#0  errorHandler->error() called at [/inc/class_error.php:153]
#1  errorHandler->error_callback() called at [/admin/modules/user/users.php:262]
#2  require() called at [/admin/index.php:830]
</back_trace>
</error>

<error>
	<dateline>1730983158</dateline>
	<script>admin/modules/user/users.php</script>
	<line>292</line>
	<type>2</type>
	<friendly_type>Warning</friendly_type>
	<message>Undefined array key "from"</message>
	<back_trace>#0  errorHandler->error() called at [/inc/class_error.php:153]
#1  errorHandler->error_callback() called at [/admin/modules/user/users.php:292]
#2  require() called at [/admin/index.php:830]
</back_trace>
</error>

<error>
	<dateline>1730983267</dateline>
	<script>admin/modules/user/users.php</script>
	<line>1836</line>
	<type>2</type>
	<friendly_type>Warning</friendly_type>
	<message>Undefined array key "type"</message>
	<back_trace>#0  errorHandler->error() called at [/inc/class_error.php:153]
#1  errorHandler->error_callback() called at [/admin/modules/user/users.php:1836]
#2  require() called at [/admin/index.php:830]
</back_trace>
</error>

<error>
	<dateline>1731271563</dateline>
	<script>admin/modules/user/users.php</script>
	<line>262</line>
	<type>2</type>
	<friendly_type>Warning</friendly_type>
	<message>Undefined array key "from"</message>
	<back_trace>#0  errorHandler->error() called at [/inc/class_error.php:153]
#1  errorHandler->error_callback() called at [/admin/modules/user/users.php:262]
#2  require() called at [/admin/index.php:830]
</back_trace>
</error>

<error>
	<dateline>1731271563</dateline>
	<script>admin/modules/user/users.php</script>
	<line>292</line>
	<type>2</type>
	<friendly_type>Warning</friendly_type>
	<message>Undefined array key "from"</message>
	<back_trace>#0  errorHandler->error() called at [/inc/class_error.php:153]
#1  errorHandler->error_callback() called at [/admin/modules/user/users.php:292]
#2  require() called at [/admin/index.php:830]
</back_trace>
</error>

<error>
	<dateline>1731321712</dateline>
	<script>admin/modules/user/users.php</script>
	<line>262</line>
	<type>2</type>
	<friendly_type>Warning</friendly_type>
	<message>Undefined array key "from"</message>
	<back_trace>#0  errorHandler->error() called at [/inc/class_error.php:153]
#1  errorHandler->error_callback() called at [/admin/modules/user/users.php:262]
#2  require() called at [/admin/index.php:830]
</back_trace>
</error>

<error>
	<dateline>1731321712</dateline>
	<script>admin/modules/user/users.php</script>
	<line>292</line>
	<type>2</type>
	<friendly_type>Warning</friendly_type>
	<message>Undefined array key "from"</message>
	<back_trace>#0  errorHandler->error() called at [/inc/class_error.php:153]
#1  errorHandler->error_callback() called at [/admin/modules/user/users.php:292]
#2  require() called at [/admin/index.php:830]
</back_trace>
</error>

<error>
	<dateline>1733345338</dateline>
	<script>admin/modules/user/users.php</script>
	<line>262</line>
	<type>2</type>
	<friendly_type>Warning</friendly_type>
	<message>Undefined array key "from"</message>
	<back_trace>#0  errorHandler->error() called at [/inc/class_error.php:153]
#1  errorHandler->error_callback() called at [/admin/modules/user/users.php:262]
#2  require() called at [/admin/index.php:830]
</back_trace>
</error>

<error>
	<dateline>1733345338</dateline>
	<script>admin/modules/user/users.php</script>
	<line>292</line>
	<type>2</type>
	<friendly_type>Warning</friendly_type>
	<message>Undefined array key "from"</message>
	<back_trace>#0  errorHandler->error() called at [/inc/class_error.php:153]
#1  errorHandler->error_callback() called at [/admin/modules/user/users.php:292]
#2  require() called at [/admin/index.php:830]
</back_trace>
</error>

<error>
	<dateline>1733358246</dateline>
	<script>admin/modules/user/users.php</script>
	<line>262</line>
	<type>2</type>
	<friendly_type>Warning</friendly_type>
	<message>Undefined array key "from"</message>
	<back_trace>#0  errorHandler->error() called at [/inc/class_error.php:153]
#1  errorHandler->error_callback() called at [/admin/modules/user/users.php:262]
#2  require() called at [/admin/index.php:830]
</back_trace>
</error>

<error>
	<dateline>1733358246</dateline>
	<script>admin/modules/user/users.php</script>
	<line>292</line>
	<type>2</type>
	<friendly_type>Warning</friendly_type>
	<message>Undefined array key "from"</message>
	<back_trace>#0  errorHandler->error() called at [/inc/class_error.php:153]
#1  errorHandler->error_callback() called at [/admin/modules/user/users.php:292]
#2  require() called at [/admin/index.php:830]
</back_trace>
</error>

<error>
	<dateline>1733732660</dateline>
	<script>admin/modules/user/users.php</script>
	<line>262</line>
	<type>2</type>
	<friendly_type>Warning</friendly_type>
	<message>Undefined array key "from"</message>
	<back_trace>#0  errorHandler->error() called at [/inc/class_error.php:153]
#1  errorHandler->error_callback() called at [/admin/modules/user/users.php:262]
#2  require() called at [/admin/index.php:830]
</back_trace>
</error>

<error>
	<dateline>1733732660</dateline>
	<script>admin/modules/user/users.php</script>
	<line>292</line>
	<type>2</type>
	<friendly_type>Warning</friendly_type>
	<message>Undefined array key "from"</message>
	<back_trace>#0  errorHandler->error() called at [/inc/class_error.php:153]
#1  errorHandler->error_callback() called at [/admin/modules/user/users.php:292]
#2  require() called at [/admin/index.php:830]
</back_trace>
</error>

<error>
	<dateline>1733748921</dateline>
	<script>admin/modules/user/awaiting_activation.php</script>
	<line>31</line>
	<type>2</type>
	<friendly_type>Warning</friendly_type>
	<message>Undefined array key "user"</message>
	<back_trace>#0  errorHandler->error() called at [/inc/class_error.php:153]
#1  errorHandler->error_callback() called at [/admin/modules/user/awaiting_activation.php:31]
#2  require() called at [/admin/index.php:830]
</back_trace>
</error>

<error>
	<dateline>1733825613</dateline>
	<script>admin/modules/user/users.php</script>
	<line>1836</line>
	<type>2</type>
	<friendly_type>Warning</friendly_type>
	<message>Undefined array key "type"</message>
	<back_trace>#0  errorHandler->error() called at [/inc/class_error.php:153]
#1  errorHandler->error_callback() called at [/admin/modules/user/users.php:1836]
#2  require() called at [/admin/index.php:830]
</back_trace<error>
	<dateline>1734166610</dateline>
	<script>admin/modules/user/users.php</script>
	<line>262</line>
	<type>2</type>
	<friendly_type>Warning</friendly_type>
	<message>Undefined array key "from"</message>
	<back_trace>#0  errorHandler->error() called at [/inc/class_error.php:153]
#1  errorHandler->error_callback() called at [/admin/modules/user/users.php:262]
#2  require() called at [/admin/index.php:830]
</back_trace>
</error>

<error>
	<dateline>1734166610</dateline>
	<script>admin/modules/user/users.php</script>
	<line>292</line>
	<type>2</type>
	<friendly_type>Warning</friendly_type>
	<message>Undefined array key "from"</message>
	<back_trace>#0  errorHandler->error() called at [/inc/class_error.php:153]
#1  errorHandler->error_callback() called at [/admin/modules/user/users.php:292]
#2  require() called at [/admin/index.php:830]
</back_trace>
</error>

<error>
	<dateline>1735056148</dateline>
	<script>admin/modules/user/users.php</script>
	<line>262</line>
	<type>2</type>
	<friendly_type>Warning</friendly_type>
	<message>Undefined array key "from"</message>
	<back_trace>#0  errorHandler->error() called at [/inc/class_error.php:153]
#1  errorHandler->error_callback() called at [/admin/modules/user/users.php:262]
#2  require() called at [/admin/index.php:830]
</back_trace>
</error>

<error>
	<dateline>1735056148</dateline>
	<script>admin/modules/user/users.php</script>
	<line>292</line>
	<type>2</type>
	<friendly_type>Warning</friendly_type>
	<message>Undefined array key "from"</message>
	<back_trace>#0  errorHandler->error() called at [/inc/class_error.php:153]
#1  errorHandler->error_callback() called at [/admin/modules/user/users.php:292]
#2  require() called at [/admin/index.php:830]
</back_trace>
</error>

<error>
	<dateline>1735151570</dateline>
	<script>admin/modules/user/users.php</script>
	<line>262</line>
	<type>2</type>
	<friendly_type>Warning</friendly_type>
	<message>Undefined array key "from"</message>
	<back_trace>#0  errorHandler->error() called at [/inc/class_error.php:153]
#1  errorHandler->error_callback() called at [/admin/modules/user/users.php:262]
#2  require() called at [/admin/index.php:830]
</back_trace>
</error>

<error>
	<dateline>1735151570</dateline>
	<script>admin/modules/user/users.php</script>
	<line>292</line>
	<type>2</type>
	<friendly_type>Warning</friendly_type>
	<message>Undefined array key "from"</message>
	<back_trace>#0  errorHandler->error() called at [/inc/class_error.php:153]
#1  errorHandler->error_callback() called at [/admin/modules/user/users.php:292]
#2  require() called at [/admin/index.php:830]
</back_trace>
</error>

<error>
	<dateline>1735315297</dateline>
	<script>admin/modules/user/users.php</script>
	<line>262</line>
	<type>2</type>
	<friendly_type>Warning</friendly_type>
	<message>Undefined array key "from"</message>
	<back_trace>#0  errorHandler->error() called at [/inc/class_error.php:153]
#1  errorHandler->error_callback() called at [/admin/modules/user/users.php:262]
#2  require() called at [/admin/index.php:830]
</back_trace>
</error>

<error>
	<dateline>1735315297</dateline>
	<script>admin/modules/user/users.php</script>
	<line>292</line>
	<type>2</type>
	<friendly_type>Warning</friendly_type>
	<message>Undefined array key "from"</message>
	<back_trace>#0  errorHandler->error() called at [/inc/class_error.php:153]
#1  errorHandler->error_callback() called at [/admin/modules/user/users.php:292]
#2  require() called at [/admin/index.php:830]
</back_trace>
</error>

<error>
	<dateline>1736507580</dateline>
	<script>admin/modules/user/users.php</script>
	<line>2594</line>
	<type>2</type>
	<friendly_type>Warning</friendly_type>
	<message>Undefined array key "processed"</message>
	<back_trace>#0  errorHandler->error() called at [/inc/class_error.php:153]
#1  errorHandler->error_callback() called at [/admin/modules/user/users.php:2594]
#2  require() called at [/admin/index.php:830]
</back_trace>
</error>

<error>
	<dateline>1736507580</dateline>
	<script>admin/modules/user/users.php</script>
	<line>2703</line>
	<type>2</type>
	<friendly_type>Warning</friendly_type>
	<message>Undefined array key "reason"</message>
	<back_trace>#0  errorHandler->error() called at [/inc/class_error.php:153]
#1  errorHandler->error_callback() called at [/admin/modules/user/users.php:2703]
#2  require() called at [/admin/index.php:830]
</back_trace>
</error>

<error>
	<dateline>1736507580</dateline>
	<script>admin/modules/user/users.php</script>
	<line>2714</line>
	<type>2</type>
	<friendly_type>Warning</friendly_type>
	<message>Undefined array key "bantime"</message>
	<back_trace>#0  errorHandler->error() called at [/inc/class_error.php:153]
#1  errorHandler->error_callback() called at [/admin/modules/user/users.php:2714]
#2  require() called at [/admin/index.php:830]
</back_trace>
</error>

<error>
	<dateline>1736507616</dateline>
	<script>admin/modules/user/users.php</script>
	<line>2629</line>
	<type>2</type>
	<friendly_type>Warning</friendly_type>
	<message>Undefined variable $bannedcache</message>
	<back_trace>#0  errorHandler->error() called at [/inc/class_error.php:153]
#1  errorHandler->error_callback() called at [/admin/modules/user/users.php:2629]
#2  require() called at [/admin/index.php:830]
</back_trace>
</error>

<error>
	<dateline>1737272694</dateline>
	<script>admin/modules/user/users.php</script>
	<line>2729</line>
	<type>2</type>
	<friendly_type>Warning</friendly_type>
	<message>Undefined array key "processed"</message>
	<back_trace>#0  errorHandler->error() called at [/inc/class_error.php:153]
#1  errorHandler->error_callback() called at [/admin/modules/user/users.php:2729]
#2  require() called at [/admin/index.php:830]
</back_trace>
</error>

<error>
	<dateline>1737777064</dateline>
	<script>admin/modules/user/users.php</script>
	<line>2729</line>
	<type>2</type>
	<friendly_type>Warning</friendly_type>
	<message>Undefined array key "processed"</message>
	<back_trace>#0  errorHandler->error() called at [/inc/class_error.php:153]
#1  errorHandler->error_callback() called at [/admin/modules/user/users.php:2729]
#2  require() called at [/admin/index.php:830]
</back_trace>
</error>

<error>
	<dateline>1737777214</dateline>
	<script>admin/modules/user/users.php</script>
	<line>2729</line>
	<type>2</type>
	<friendly_type>Warning</friendly_type>
	<message>Undefined array key "processed"</message>
	<back_trace>#0  errorHandler->error() called at [/inc/class_error.php:153]
#1  errorHandler->error_callback() called at [/admin/modules/user/users.php:2729]
#2  require() called at [/admin/index.php:830]
</back_trace>
</error>

<error>
	<dateline>1738006191</dateline>
	<script>admin/modules/user/users.php</script>
	<line>2729</line>
	<type>2</type>
	<friendly_type>Warning</friendly_type>
	<message>Undefined array key "processed"</message>
	<back_trace>#0  errorHandler->error() called at [/inc/class_error.php:153]
#1  errorHandler->error_callback() called at [/admin/modules/user/users.php:2729]
#2  require() called at [/admin/index.php:830]
</back_trace>
</error>

<error>
	<dateline>1738083595</dateline>
	<script>admin/modules/user/users.php</script>
	<line>262</line>
	<type>2</type>
	<friendly_type>Warning</friendly_type>
	<message>Undefined array key "from"</message>
	<back_trace>#0  errorHandler->error() called at [/inc/class_error.php:153]
#1  errorHandler->error_callback() called at [/admin/modules/user/users.php:262]
#2  require() called at [/admin/index.php:830]
</back_trace>
</error>

<error>
	<dateline>1738083595</dateline>
	<script>admin/modules/user/users.php</script>
	<line>292</line>
	<type>2</type>
	<friendly_type>Warning</friendly_type>
	<message>Undefined array key "from"</message>
	<back_trace>#0  errorHandler->error() called at [/inc/class_error.php:153]
#1  errorHandler->error_callback() called at [/admin/modules/user/users.php:292]
#2  require() called at [/admin/index.php:830]
</back_trace>
</error>

<error>
	<dateline>1738097045</dateline>
	<script>admin/modules/user/users.php</script>
	<line>2729</line>
	<type>2</type>
	<friendly_type>Warning</friendly_type>
	<message>Undefined array key "processed"</message>
	<back_trace>#0  errorHandler->error() called at [/inc/class_error.php:153]
#1  errorHandler->error_callback() called at [/admin/modules/user/users.php:2729]
#2  require() called at [/admin/index.php:830]
</back_trace>
</error>

<error>
	<dateline>1738150868</dateline>
	<script>admin/modules/user/users.php</script>
	<line>2729</line>
	<type>2</type>
	<friendly_type>Warning</friendly_type>
	<message>Undefined array key "processed"</message>
	<back_trace>#0  errorHandler->error() called at [/inc/class_error.php:153]
#1  errorHandler->error_callback() called at [/admin/modules/user/users.php:2729]
#2  require() called at [/admin/index.php:830]
</back_trace>
</error>

<error>
	<dateline>1738150918</dateline>
	<script>admin/modules/user/users.php</script>
	<line>2729</line>
	<type>2</type>
	<friendly_type>Warning</friendly_type>
	<message>Undefined array key "processed"</message>
	<back_trace>#0  errorHandler->error() called at [/inc/class_error.php:153]
#1  errorHandler->error_callback() called at [/admin/modules/user/users.php:2729]
#2  require() called at [/admin/index.php:830]
</back_trace>
</error>

<error>
	<dateline>1738488524</dateline>
	<script>admin/modules/user/users.php</script>
	<line>262</line>
	<type>2</type>
	<friendly_type>Warning</friendly_type>
	<message>Undefined array key "from"</message>
	<back_trace>#0  errorHandler->error() called at [/inc/class_error.php:153]
#1  errorHandler->error_callback() called at [/admin/modules/user/users.php:262]
#2  require() called at [/admin/index.php:830]
</back_trace>
</error>

<error>
	<dateline>1738488524</dateline>
	<script>admin/modules/user/users.php</script>
	<line>292</line>
	<type>2</type>
	<friendly_type>Warning</friendly_type>
	<message>Undefined array key "from"</message>
	<back_trace>#0  errorHandler->error() called at [/inc/class_error.php:153]
#1  errorHandler->error_callback() called at [/admin/modules/user/users.php:292]
#2  require() called at [/admin/index.php:830]
</back_trace>
</error>

<error>
	<dateline>1738609263</dateline>
	<script>admin/modules/user/users.php</script>
	<line>2594</line>
	<type>2</type>
	<friendly_type>Warning</friendly_type>
	<message>Undefined array key "processed"</message>
	<back_trace>#0  errorHandler->error() called at [/inc/class_error.php:153]
#1  errorHandler->error_callback() called at [/admin/modules/user/users.php:2594]
#2  require() called at [/admin/index.php:830]
</back_trace>
</error>

<error>
	<dateline>1738609263</dateline>
	<script>admin/modules/user/users.php</script>
	<line>2703</line>
	<type>2</type>
	<friendly_type>Warning</friendly_type>
	<message>Undefined array key "reason"</message>
	<back_trace>#0  errorHandler->error() called at [/inc/class_error.php:153]
#1  errorHandler->error_callback() called at [/admin/modules/user/users.php:2703]
#2  require() called at [/admin/index.php:830]
</back_trace>
</error>

<error>
	<dateline>1738609263</dateline>
	<script>admin/modules/user/users.php</script>
	<line>2714</line>
	<type>2</type>
	<friendly_type>Warning</friendly_type>
	<message>Undefined array key "bantime"</message>
	<back_trace>#0  errorHandler->error() called at [/inc/class_error.php:153]
#1  errorHandler->error_callback() called at [/admin/modules/user/users.php:2714]
#2  require() called at [/admin/index.php:830]
</back_trace>
</error>

<error>
	<dateline>1738609275</dateline>
	<script>admin/modules/user/users.php</script>
	<line>2629</line>
	<type>2</type>
	<friendly_type>Warning</friendly_type>
	<message>Undefined variable $bannedcache</message>
	<back_trace>#0  errorHandler->error() called at [/inc/class_error.php:153]
#1  errorHandler->error_callback() called at [/admin/modules/user/users.php:2629]
#2  require() called at [/admin/index.php:830]
</back_trace>
</error>

<error>
	<dateline>1738609302</dateline>
	<script>admin/modules/user/users.php</script>
	<line>2729</line>
	<type>2</type>
	<friendly_type>Warning</friendly_type>
	<message>Undefined array key "processed"</message>
	<back_trace>#0  errorHandler->error() called at [/inc/class_error.php:153]
#1  errorHandler->error_callback() called at [/admin/modules/user/users.php:2729]
#2  require() called at [/admin/index.php:830]
</back_trace>
</error>

<error>
	<dateline>1738664536</dateline>
	<script>admin/modules/user/users.php</script>
	<line>2729</line>
	<type>2</type>
	<friendly_type>Warning</friendly_type>
	<message>Undefined array key "processed"</message>
	<back_trace>#0  errorHandler->error() called at [/inc/class_error.php:153]
#1  errorHandler->error_callback() called at [/admin/modules/user/users.php:2729]
#2  require() called at [/admin/index.php:830]
</back_trace>
</error>

<error>
	<dateline>1738900595</dateline>
	<script>admin/modules/user/users.php</script>
	<line>2729</line>
	<type>2</type>
	<friendly_type>Warning</friendly_type>
	<message>Undefined array key "processed"</message>
	<back_trace>#0  errorHandler->error() called at [/inc/class_error.php:153]
#1  errorHandler->error_callback() called at [/admin/modules/user/users.php:2729]
#2  require() called at [/admin/index.php:830]
</back_trace>
</error>

<error>
	<dateline>1739269488</dateline>
	<script>admin/modules/user/users.php</script>
	<line>262</line>
	<type>2</type>
	<friendly_type>Warning</friendly_type>
	<message>Undefined array key "from"</message>
	<back_trace>#0  errorHandler->error() called at [/inc/class_error.php:153]
#1  errorHandler->error_callback() called at [/admin/modules/user/users.php:262]
#2  require() called at [/admin/index.php:830]
</back_trace>
</error>

<error>
	<dateline>1739269488</dateline>
	<script>admin/modules/user/users.php</script>
	<line>292</line>
	<type>2</type>
	<friendly_type>Warning</friendly_type>
	<message>Undefined array key "from"</message>
	<back_trace>#0  errorHandler->error() called at [/inc/class_error.php:153]
#1  errorHandler->error_callback() called at [/admin/modules/user/users.php:292]
#2  require() called at [/admin/index.php:830]
</back_trace>
</error>

<error>
	<dateline>1739508304</dateline>
	<script>admin/modules/user/users.php</script>
	<line>2729</line>
	<type>2</type>
	<friendly_type>Warning</friendly_type>
	<message>Undefined array key "processed"</message>
	<back_trace>#0  errorHandler->error() called at [/inc/class_error.php:153]
#1  errorHandler->error_callback() called at [/admin/modules/user/users.php:2729]
#2  require() called at [/admin/index.php:830]
</back_trace>
</error>

<error>
	<dateline>1739554654</dateline>
	<script>admin/modules/user/users.php</script>
	<line>2729</line>
	<type>2</type>
	<friendly_type>Warning</friendly_type>
	<message>Undefined array key "processed"</message>
	<back_trace>#0  errorHandler->error() called at [/inc/class_error.php:153]
#1  errorHandler->error_callback() called at [/admin/modules/user/users.php:2729]
#2  require() called at [/admin/index.php:830]
</back_trace>
</error>

<error>
	<dateline>1739658245</dateline>
	<script>admin/modules/user/users.php</script>
	<line>2729</line>
	<type>2</type>
	<friendly_type>Warning</friendly_type>
	<message>Undefined array key "processed"</message>
	<back_trace>#0  errorHandler->error() called at [/inc/class_error.php:153]
#1  errorHandler->error_callback() called at [/admin/modules/user/users.php:2729]
#2  require() called at [/admin/index.php:830]
</back_trace>
</error>

<error>
	<dateline>1739693124</dateline>
	<script>admin/modules/user/users.php</script>
	<line>262</line>
	<type>2</type>
	<friendly_type>Warning</friendly_type>
	<message>Undefined array key "from"</message>
	<back_trace>#0  errorHandler->error() called at [/inc/class_error.php:153]
#1  errorHandler->error_callback() called at [/admin/modules/user/users.php:262]
#2  require() called at [/admin/index.php:830]
</back_trace>
</error>

<error>
	<dateline>1739693124</dateline>
	<script>admin/modules/user/users.php</script>
	<line>292</line>
	<type>2</type>
	<friendly_type>Warning</friendly_type>
	<message>Undefined array key "from"</message>
	<back_trace>#0  errorHandler->error() called at [/inc/class_error.php:153]
#1  errorHandler->error_callback() called at [/admin/modules/user/users.php:292]
#2  require() called at [/admin/index.php:830]
</back_trace>
</error>

<error>
	<dateline>1739733028</dateline>
	<script>admin/modules/user/users.php</script>
	<line>262</line>
	<type>2</type>
	<friendly_type>Warning</friendly_type>
	<message>Undefined array key "from"</message>
	<back_trace>#0  errorHandler->error() called at [/inc/class_error.php:153]
#1  errorHandler->error_callback() called at [/admin/modules/user/users.php:262]
#2  require() called at [/admin/index.php:830]
</back_trace>
</error>

<error>
	<dateline>1739733028</dateline>
	<script>admin/modules/user/users.php</script>
	<line>292</line>
	<type>2</type>
	<friendly_type>Warning</friendly_type>
	<message>Undefined array key "from"</message>
	<back_trace>#0  errorHandler->error() called at [/inc/class_error.php:153]
#1  errorHandler->error_callback() called at [/admin/modules/user/users.php:292]
#2  require() called at [/admin/index.php:830]
</back_trace>
</error>

<error>
	<dateline>1739821758</dateline>
	<script>admin/modules/user/users.php</script>
	<line>2729</line>
	<type>2</type>
	<friendly_type>Warning</friendly_type>
	<message>Undefined array key "processed"</message>
	<back_trace>#0  errorHandler->error() called at [/inc/class_error.php:153]
#1  errorHandler->error_callback() called at [/admin/modules/user/users.php:2729]
#2  require() called at [/admin/index.php:830]
</back_trace>
</error>

<error>
	<dateline>1740097260</dateline>
	<script>admin/modules/user/users.php</script>
	<line>262</line>
	<type>2</type>
	<friendly_type>Warning</friendly_type>
	<message>Undefined array key "from"</message>
	<back_trace>#0  errorHandler->error() called at [/inc/class_error.php:153]
#1  errorHandler->error_callback() called at [/admin/modules/user/users.php:262]
#2  require() called at [/admin/index.php:830]
</back_trace>
</error>

<error>
	<dateline>1740097260</dateline>
	<script>admin/modules/user/users.php</script>
	<line>292</line>
	<type>2</type>
	<friendly_type>Warning</friendly_type>
	<message>Undefined array key "from"</message>
	<back_trace>#0  errorHandler->error() called at [/inc/class_error.php:153]
#1  errorHandler->error_callback() called at [/admin/modules/user/users.php:292]
#2  require() called at [/admin/index.php:830]
</back_trace>
</error>

<error>
	<dateline>1740249971</dateline>
	<script>admin/modules/user/users.php</script>
	<line>262</line>
	<type>2</type>
	<friendly_type>Warning</friendly_type>
	<message>Undefined array key "from"</message>
	<back_trace>#0  errorHandler->error() called at [/inc/class_error.php:153]
#1  errorHandler->error_callback() called at [/admin/modules/user/users.php:262]
#2  require() called at [/admin/index.php:830]
</back_trace>
</error>

<error>
	<dateline>1740249971</dateline>
	<script>admin/modules/user/users.php</script>
	<line>292</line>
	<type>2</type>
	<friendly_type>Warning</friendly_type>
	<message>Undefined array key "from"</message>
	<back_trace>#0  errorHandler->error() called at [/inc/class_error.php:153]
#1  errorHandler->error_callback() called at [/admin/modules/user/users.php:292]
#2  require() called at [/admin/index.php:830]
</back_trace>
</error>

<error>
	<dateline>1740299527</dateline>
	<script>admin/modules/user/users.php</script>
	<line>2729</line>
	<type>2</type>
	<friendly_type>Warning</friendly_type>
	<message>Undefined array key "processed"</message>
	<back_trace>#0  errorHandler->error() called at [/inc/class_error.php:153]
#1  errorHandler->error_callback() called at [/admin/modules/user/users.php:2729]
#2  require() called at [/admin/index.php:830]
</back_trace>
</error>

<error>
	<dateline>1740331422</dateline>
	<script>admin/modules/user/users.php</script>
	<line>262</line>
	<type>2</type>
	<friendly_type>Warning</friendly_type>
	<message>Undefined array key "from"</message>
	<back_trace>#0  errorHandler->error() called at [/inc/class_error.php:153]
#1  errorHandler->error_callback() called at [/admin/modules/user/users.php:262]
#2  require() called at [/admin/index.php:830]
</back_trace>
</error>

<error>
	<dateline>1740331422</dateline>
	<script>admin/modules/user/users.php</script>
	<line>292</line>
	<type>2</type>
	<friendly_type>Warning</friendly_type>
	<message>Undefined array key "from"</message>
	<back_trace>#0  errorHandler->error() called at [/inc/class_error.php:153]
#1  errorHandler->error_callback() called at [/admin/modules/user/users.php:292]
#2  require() called at [/admin/index.php:830]
</back_trace>
</error>

